<?xml version="1.0" encoding="UTF-8"?>
<!-- Generated by org.testng.reporters.JUnitReportReporter -->
<testsuite hostname="SHANJU-SAM" failures="0" tests="10" name="testCases.TC_003_LoginDataDrivenTest" time="262.540" errors="0" timestamp="2022-09-16T11:15:14 IST" skipped="0">
  <testcase classname="testCases.TC_003_LoginDataDrivenTest" name="test_Loginddt" time="1.989"/>
  <system-out/>
  <testcase classname="testCases.TC_003_LoginDataDrivenTest" name="test_Loginddt" time="31.640"/>
  <system-out/>
  <testcase classname="testCases.TC_003_LoginDataDrivenTest" name="test_Loginddt" time="2.893"/>
  <system-out/>
  <testcase classname="testCases.TC_003_LoginDataDrivenTest" name="test_Loginddt" time="31.492"/>
  <system-out/>
  <testcase classname="testCases.TC_003_LoginDataDrivenTest" name="test_Loginddt" time="31.344"/>
  <system-out/>
  <testcase classname="testCases.TC_003_LoginDataDrivenTest" name="test_Loginddt" time="32.049"/>
  <system-out/>
  <testcase classname="testCases.TC_003_LoginDataDrivenTest" name="test_Loginddt" time="31.511"/>
  <system-out/>
  <testcase classname="testCases.TC_003_LoginDataDrivenTest" name="test_Loginddt" time="31.392"/>
  <system-out/>
  <testcase classname="testCases.TC_003_LoginDataDrivenTest" name="test_Loginddt" time="36.758"/>
  <system-out/>
  <testcase classname="testCases.TC_003_LoginDataDrivenTest" name="test_Loginddt" time="31.472"/>
  <system-out/>
</testsuite> <!-- testCases.TC_003_LoginDataDrivenTest -->
