<?xml version="1.0" encoding="UTF-8"?>
<!-- Generated by org.testng.reporters.JUnitReportReporter -->
<testsuite hostname="SHANJU-SAM" failures="0" tests="2" name="testCases.TC_001_AccountRegistration" time="8.851" errors="0" timestamp="2022-09-16T14:35:53 IST" skipped="0">
  <testcase classname="testCases.TC_001_AccountRegistration" name="AccountRegistration" time="4.346"/>
  <system-out/>
  <testcase classname="testCases.TC_001_AccountRegistration" name="AccountRegistration" time="4.505"/>
  <system-out/>
</testsuite> <!-- testCases.TC_001_AccountRegistration -->
